0 info it worked if it ends with ok
1 verbose cli [ 'node',
1 verbose cli   'C:\\Users\\wuzh\\AppData\\Roaming\\npm\\node_modules\\cnpm\\node_modules\\npm\\bin\\npm-cli.js',
1 verbose cli   '--userconfig=C:\\Users\\wuzh\\.cnpmrc',
1 verbose cli   '--disturl=http://dist.cnpmjs.org',
1 verbose cli   '--cache=C:\\Users\\wuzh\\.npm\\.cache_cnpm',
1 verbose cli   '--registry=http://r.cnpmjs.org',
1 verbose cli   'install',
1 verbose cli   'ifile' ]
2 info using npm@1.4.6
3 info using node@v0.10.26
4 warn package.json weixinapp@0.0.1 No README data
5 verbose readDependencies using package.json deps
6 verbose cache add [ 'ifile@0.3.9', null ]
7 verbose cache add name=undefined spec="ifile@0.3.9" args=["ifile@0.3.9",null]
8 verbose parsed url { protocol: null,
8 verbose parsed url   slashes: null,
8 verbose parsed url   auth: null,
8 verbose parsed url   host: null,
8 verbose parsed url   port: null,
8 verbose parsed url   hostname: null,
8 verbose parsed url   hash: null,
8 verbose parsed url   search: null,
8 verbose parsed url   query: null,
8 verbose parsed url   pathname: 'ifile@0.3.9',
8 verbose parsed url   path: 'ifile@0.3.9',
8 verbose parsed url   href: 'ifile@0.3.9' }
9 verbose cache add name="ifile" spec="0.3.9" args=["ifile","0.3.9"]
10 verbose parsed url { protocol: null,
10 verbose parsed url   slashes: null,
10 verbose parsed url   auth: null,
10 verbose parsed url   host: null,
10 verbose parsed url   port: null,
10 verbose parsed url   hostname: null,
10 verbose parsed url   hash: null,
10 verbose parsed url   search: null,
10 verbose parsed url   query: null,
10 verbose parsed url   pathname: '0.3.9',
10 verbose parsed url   path: '0.3.9',
10 verbose parsed url   href: '0.3.9' }
11 verbose addNamed [ 'ifile', '0.3.9' ]
12 verbose addNamed [ '0.3.9', '0.3.9' ]
13 silly lockFile 1aa8b187-ifile-0-3-9 ifile@0.3.9
14 verbose lock ifile@0.3.9 C:\Users\wuzh\.npm\.cache_cnpm\1aa8b187-ifile-0-3-9.lock
15 verbose url raw ifile/0.3.9
16 verbose url resolving [ 'http://r.cnpmjs.org/', './ifile/0.3.9' ]
17 verbose url resolved http://r.cnpmjs.org/ifile/0.3.9
18 info trying registry request attempt 1 at 08:45:56
19 http GET http://r.cnpmjs.org/ifile/0.3.9
20 http 200 http://r.cnpmjs.org/ifile/0.3.9
21 silly registry.get cb [ 200,
21 silly registry.get   { server: 'nginx/1.4.1 (Ubuntu)',
21 silly registry.get     date: 'Tue, 12 Aug 2014 00:46:19 GMT',
21 silly registry.get     'content-type': 'application/json; charset=utf-8',
21 silly registry.get     'transfer-encoding': 'chunked',
21 silly registry.get     connection: 'keep-alive',
21 silly registry.get     'x-powered-by': 'koa',
21 silly registry.get     'x-readtime': '10',
21 silly registry.get     'content-encoding': 'gzip' } ]
22 silly lockFile d0ab8645-g-ifile-download-ifile-0-3-9-tgz http://r.cnpmjs.org/ifile/download/ifile-0.3.9.tgz
23 verbose lock http://r.cnpmjs.org/ifile/download/ifile-0.3.9.tgz C:\Users\wuzh\.npm\.cache_cnpm\d0ab8645-g-ifile-download-ifile-0-3-9-tgz.lock
24 verbose addRemoteTarball [ 'http://r.cnpmjs.org/ifile/download/ifile-0.3.9.tgz',
24 verbose addRemoteTarball   'ad95e0286a53379d0c94be52682a7661916b2acc' ]
25 info retry fetch attempt 1 at 08:46:02
26 verbose fetch to= C:\Users\wuzh\AppData\Local\Temp\npm-9720-stNGaS2d\1407804362431-0.9771582682151347\tmp.tgz
27 http GET http://r.cnpmjs.org/ifile/download/ifile-0.3.9.tgz
28 http 200 http://r.cnpmjs.org/ifile/download/ifile-0.3.9.tgz
29 verbose tar unpack C:\Users\wuzh\AppData\Local\Temp\npm-9720-stNGaS2d\1407804362431-0.9771582682151347\tmp.tgz
30 silly lockFile ea78a16c-62431-0-9771582682151347-package tar://C:\Users\wuzh\AppData\Local\Temp\npm-9720-stNGaS2d\1407804362431-0.9771582682151347\package
31 verbose lock tar://C:\Users\wuzh\AppData\Local\Temp\npm-9720-stNGaS2d\1407804362431-0.9771582682151347\package C:\Users\wuzh\.npm\.cache_cnpm\ea78a16c-62431-0-9771582682151347-package.lock
32 silly lockFile 94f51c71-62431-0-9771582682151347-tmp-tgz tar://C:\Users\wuzh\AppData\Local\Temp\npm-9720-stNGaS2d\1407804362431-0.9771582682151347\tmp.tgz
33 verbose lock tar://C:\Users\wuzh\AppData\Local\Temp\npm-9720-stNGaS2d\1407804362431-0.9771582682151347\tmp.tgz C:\Users\wuzh\.npm\.cache_cnpm\94f51c71-62431-0-9771582682151347-tmp-tgz.lock
34 silly gunzTarPerm modes [ '755', '644' ]
35 silly gunzTarPerm extractEntry package.json
36 silly gunzTarPerm modified mode [ 'package.json', 438, 420 ]
37 silly gunzTarPerm extractEntry .npmignore
38 silly gunzTarPerm modified mode [ '.npmignore', 438, 420 ]
39 silly gunzTarPerm extractEntry index.js
40 silly gunzTarPerm modified mode [ 'index.js', 438, 420 ]
41 silly gunzTarPerm extractEntry test.js
42 silly gunzTarPerm modified mode [ 'test.js', 438, 420 ]
43 silly gunzTarPerm extractEntry vendor.yml
44 silly gunzTarPerm modified mode [ 'vendor.yml', 438, 420 ]
45 silly gunzTarPerm extractEntry lib/ifile.js
46 silly gunzTarPerm modified mode [ 'lib/ifile.js', 438, 420 ]
47 silly gunzTarPerm extractEntry .travis.yml
48 silly gunzTarPerm modified mode [ '.travis.yml', 438, 420 ]
49 silly gunzTarPerm extractEntry benchmark/benchmark_ifile.js
50 silly gunzTarPerm modified mode [ 'benchmark/benchmark_ifile.js', 438, 420 ]
51 silly gunzTarPerm extractEntry benchmark/benchmark_ifile_gzip.js
52 silly gunzTarPerm modified mode [ 'benchmark/benchmark_ifile_gzip.js', 438, 420 ]
53 silly gunzTarPerm extractEntry benchmark/benchmark_node.js
54 silly gunzTarPerm modified mode [ 'benchmark/benchmark_node.js', 438, 420 ]
55 silly gunzTarPerm extractEntry benchmark/benchmark_node_gzip.js
56 silly gunzTarPerm modified mode [ 'benchmark/benchmark_node_gzip.js', 438, 420 ]
57 silly gunzTarPerm extractEntry benchmark/static/jquery.1.7.1.js
58 silly gunzTarPerm modified mode [ 'benchmark/static/jquery.1.7.1.js', 438, 420 ]
59 silly gunzTarPerm extractEntry readme.md
60 silly gunzTarPerm modified mode [ 'readme.md', 438, 420 ]
61 silly gunzTarPerm extractEntry src/gzip.cpp
62 silly gunzTarPerm modified mode [ 'src/gzip.cpp', 438, 420 ]
63 silly gunzTarPerm extractEntry src/gzip.h
64 silly gunzTarPerm modified mode [ 'src/gzip.h', 438, 420 ]
65 silly gunzTarPerm extractEntry src/ifile.cpp
66 silly gunzTarPerm modified mode [ 'src/ifile.cpp', 438, 420 ]
67 silly gunzTarPerm extractEntry src/ifile_class.cpp
68 silly gunzTarPerm modified mode [ 'src/ifile_class.cpp', 438, 420 ]
69 silly gunzTarPerm extractEntry src/ifile_class.h
70 silly gunzTarPerm modified mode [ 'src/ifile_class.h', 438, 420 ]
71 silly gunzTarPerm extractEntry src/ifile_handler.h
72 silly gunzTarPerm modified mode [ 'src/ifile_handler.h', 438, 420 ]
73 silly gunzTarPerm extractEntry src/mime.h
74 silly gunzTarPerm modified mode [ 'src/mime.h', 438, 420 ]
75 silly gunzTarPerm extractEntry src/request.h
76 silly gunzTarPerm modified mode [ 'src/request.h', 438, 420 ]
77 silly gunzTarPerm extractEntry src/zlib/LICENSE
78 silly gunzTarPerm modified mode [ 'src/zlib/LICENSE', 438, 420 ]
79 silly gunzTarPerm extractEntry src/zlib/zutil.h
80 silly gunzTarPerm modified mode [ 'src/zlib/zutil.h', 438, 420 ]
81 silly gunzTarPerm extractEntry src/zlib/adler32.c
82 silly gunzTarPerm modified mode [ 'src/zlib/adler32.c', 438, 420 ]
83 silly gunzTarPerm extractEntry src/zlib/compress.c
84 silly gunzTarPerm modified mode [ 'src/zlib/compress.c', 438, 420 ]
85 silly gunzTarPerm extractEntry src/zlib/contrib/minizip/miniunz.c
86 silly gunzTarPerm modified mode [ 'src/zlib/contrib/minizip/miniunz.c', 438, 420 ]
87 silly gunzTarPerm extractEntry src/zlib/contrib/minizip/ChangeLogUnzip
88 silly gunzTarPerm modified mode [ 'src/zlib/contrib/minizip/ChangeLogUnzip', 438, 420 ]
89 silly gunzTarPerm extractEntry src/zlib/contrib/minizip/crypt.h
90 silly gunzTarPerm modified mode [ 'src/zlib/contrib/minizip/crypt.h', 438, 420 ]
91 silly gunzTarPerm extractEntry src/zlib/contrib/minizip/ioapi.c
92 silly gunzTarPerm modified mode [ 'src/zlib/contrib/minizip/ioapi.c', 438, 420 ]
93 silly gunzTarPerm extractEntry src/zlib/contrib/minizip/ioapi.h
94 silly gunzTarPerm modified mode [ 'src/zlib/contrib/minizip/ioapi.h', 438, 420 ]
95 silly gunzTarPerm extractEntry src/zlib/contrib/minizip/iowin32.c
96 silly gunzTarPerm modified mode [ 'src/zlib/contrib/minizip/iowin32.c', 438, 420 ]
97 silly gunzTarPerm extractEntry src/zlib/contrib/minizip/iowin32.h
98 silly gunzTarPerm modified mode [ 'src/zlib/contrib/minizip/iowin32.h', 438, 420 ]
99 silly gunzTarPerm extractEntry src/zlib/contrib/minizip/Makefile
100 silly gunzTarPerm modified mode [ 'src/zlib/contrib/minizip/Makefile', 438, 420 ]
101 silly gunzTarPerm extractEntry src/zlib/contrib/minizip/minizip.c
102 silly gunzTarPerm modified mode [ 'src/zlib/contrib/minizip/minizip.c', 438, 420 ]
103 silly gunzTarPerm extractEntry src/zlib/contrib/minizip/mztools.c
104 silly gunzTarPerm modified mode [ 'src/zlib/contrib/minizip/mztools.c', 438, 420 ]
105 silly gunzTarPerm extractEntry src/zlib/contrib/minizip/mztools.h
106 silly gunzTarPerm modified mode [ 'src/zlib/contrib/minizip/mztools.h', 438, 420 ]
107 silly gunzTarPerm extractEntry src/zlib/contrib/minizip/unzip.c
108 silly gunzTarPerm modified mode [ 'src/zlib/contrib/minizip/unzip.c', 438, 420 ]
109 silly gunzTarPerm extractEntry src/zlib/contrib/minizip/unzip.h
110 silly gunzTarPerm modified mode [ 'src/zlib/contrib/minizip/unzip.h', 438, 420 ]
111 silly gunzTarPerm extractEntry src/zlib/contrib/minizip/zip.c
112 silly gunzTarPerm modified mode [ 'src/zlib/contrib/minizip/zip.c', 438, 420 ]
113 silly gunzTarPerm extractEntry src/zlib/contrib/minizip/zip.h
114 silly gunzTarPerm modified mode [ 'src/zlib/contrib/minizip/zip.h', 438, 420 ]
115 silly gunzTarPerm extractEntry src/zlib/crc32.c
116 silly gunzTarPerm modified mode [ 'src/zlib/crc32.c', 438, 420 ]
117 silly gunzTarPerm extractEntry src/zlib/crc32.h
118 silly gunzTarPerm modified mode [ 'src/zlib/crc32.h', 438, 420 ]
119 silly gunzTarPerm extractEntry src/zlib/deflate.c
120 silly gunzTarPerm modified mode [ 'src/zlib/deflate.c', 438, 420 ]
121 silly gunzTarPerm extractEntry src/zlib/deflate.h
122 silly gunzTarPerm modified mode [ 'src/zlib/deflate.h', 438, 420 ]
123 silly gunzTarPerm extractEntry src/zlib/gzio.c
124 silly gunzTarPerm modified mode [ 'src/zlib/gzio.c', 438, 420 ]
125 silly gunzTarPerm extractEntry src/zlib/infback.c
126 silly gunzTarPerm modified mode [ 'src/zlib/infback.c', 438, 420 ]
127 silly gunzTarPerm extractEntry src/zlib/inffast.c
128 silly gunzTarPerm modified mode [ 'src/zlib/inffast.c', 438, 420 ]
129 silly gunzTarPerm extractEntry src/zlib/inffast.h
130 silly gunzTarPerm modified mode [ 'src/zlib/inffast.h', 438, 420 ]
131 silly gunzTarPerm extractEntry src/zlib/README.chromium
132 silly gunzTarPerm modified mode [ 'src/zlib/README.chromium', 438, 420 ]
133 silly gunzTarPerm extractEntry src/zlib/inflate.c
134 silly gunzTarPerm modified mode [ 'src/zlib/inflate.c', 438, 420 ]
135 silly gunzTarPerm extractEntry src/zlib/inflate.h
136 silly gunzTarPerm modified mode [ 'src/zlib/inflate.h', 438, 420 ]
137 silly gunzTarPerm extractEntry src/zlib/inftrees.c
138 silly gunzTarPerm modified mode [ 'src/zlib/inftrees.c', 438, 420 ]
139 silly gunzTarPerm extractEntry src/zlib/inftrees.h
140 silly gunzTarPerm modified mode [ 'src/zlib/inftrees.h', 438, 420 ]
141 silly gunzTarPerm extractEntry src/zlib/mozzconf.h
142 silly gunzTarPerm modified mode [ 'src/zlib/mozzconf.h', 438, 420 ]
143 silly gunzTarPerm extractEntry src/zlib/trees.c
144 silly gunzTarPerm modified mode [ 'src/zlib/trees.c', 438, 420 ]
145 silly gunzTarPerm extractEntry src/zlib/trees.h
146 silly gunzTarPerm modified mode [ 'src/zlib/trees.h', 438, 420 ]
147 silly gunzTarPerm extractEntry src/zlib/uncompr.c
148 silly gunzTarPerm modified mode [ 'src/zlib/uncompr.c', 438, 420 ]
149 silly gunzTarPerm extractEntry src/zlib/zconf.h
150 silly gunzTarPerm modified mode [ 'src/zlib/zconf.h', 438, 420 ]
151 silly gunzTarPerm extractEntry src/zlib/zlib.gyp
152 silly gunzTarPerm modified mode [ 'src/zlib/zlib.gyp', 438, 420 ]
153 silly gunzTarPerm extractEntry src/zlib/zlib.h
154 silly gunzTarPerm modified mode [ 'src/zlib/zlib.h', 438, 420 ]
155 silly gunzTarPerm extractEntry src/zlib/zutil.c
156 silly gunzTarPerm modified mode [ 'src/zlib/zutil.c', 438, 420 ]
157 silly gunzTarPerm extractEntry src/zlib/inffixed.h
158 silly gunzTarPerm modified mode [ 'src/zlib/inffixed.h', 438, 420 ]
159 silly gunzTarPerm extractEntry test/main.js
160 silly gunzTarPerm modified mode [ 'test/main.js', 438, 420 ]
161 silly gunzTarPerm extractEntry test/pipe.js
162 silly gunzTarPerm modified mode [ 'test/pipe.js', 438, 420 ]
163 silly gunzTarPerm extractEntry test/Static/Mount_Huangshan.jpg
164 silly gunzTarPerm modified mode [ 'test/Static/Mount_Huangshan.jpg', 438, 420 ]
165 silly gunzTarPerm extractEntry test/Static/Mount_Huangshan2.jpg
166 silly gunzTarPerm modified mode [ 'test/Static/Mount_Huangshan2.jpg', 438, 420 ]
167 silly gunzTarPerm extractEntry test/static2/static2/aaa.js
168 silly gunzTarPerm modified mode [ 'test/static2/static2/aaa.js', 438, 420 ]
169 silly gunzTarPerm extractEntry test/static2/static2/test.js
170 silly gunzTarPerm modified mode [ 'test/static2/static2/test.js', 438, 420 ]
171 silly gunzTarPerm extractEntry test/static2/static2/test.css
172 silly gunzTarPerm modified mode [ 'test/static2/static2/test.css', 438, 420 ]
173 silly gunzTarPerm extractEntry test/static2/static3/static3/test.css
174 silly gunzTarPerm modified mode [ 'test/static2/static3/static3/test.css', 438, 420 ]
175 silly gunzTarPerm extractEntry test/static2/static3/static3/test.txt
176 silly gunzTarPerm modified mode [ 'test/static2/static3/static3/test.txt', 438, 420 ]
177 silly gunzTarPerm extractEntry test/static2/static3/static3/test.xml
178 silly gunzTarPerm modified mode [ 'test/static2/static3/static3/test.xml', 438, 420 ]
179 silly gunzTarPerm extractEntry test/static2/static3/static3/test2.css
180 silly gunzTarPerm modified mode [ 'test/static2/static3/static3/test2.css', 438, 420 ]
181 silly gunzTarPerm extractEntry test/static2/static3/static3/test2.xml
182 silly gunzTarPerm modified mode [ 'test/static2/static3/static3/test2.xml', 438, 420 ]
183 silly gunzTarPerm extractEntry test/static2/static3/static3/test3.xml
184 silly gunzTarPerm modified mode [ 'test/static2/static3/static3/test3.xml', 438, 420 ]
185 silly gunzTarPerm extractEntry binding.gyp
186 silly gunzTarPerm modified mode [ 'binding.gyp', 438, 420 ]
187 silly lockFile ea78a16c-62431-0-9771582682151347-package tar://C:\Users\wuzh\AppData\Local\Temp\npm-9720-stNGaS2d\1407804362431-0.9771582682151347\package
188 silly lockFile ea78a16c-62431-0-9771582682151347-package tar://C:\Users\wuzh\AppData\Local\Temp\npm-9720-stNGaS2d\1407804362431-0.9771582682151347\package
189 silly lockFile 94f51c71-62431-0-9771582682151347-tmp-tgz tar://C:\Users\wuzh\AppData\Local\Temp\npm-9720-stNGaS2d\1407804362431-0.9771582682151347\tmp.tgz
190 silly lockFile 94f51c71-62431-0-9771582682151347-tmp-tgz tar://C:\Users\wuzh\AppData\Local\Temp\npm-9720-stNGaS2d\1407804362431-0.9771582682151347\tmp.tgz
191 verbose tar pack [ 'C:\\Users\\wuzh\\.npm\\.cache_cnpm\\ifile\\0.3.9\\package.tgz',
191 verbose tar pack   'C:\\Users\\wuzh\\AppData\\Local\\Temp\\npm-9720-stNGaS2d\\1407804362431-0.9771582682151347\\package' ]
192 verbose tarball C:\Users\wuzh\.npm\.cache_cnpm\ifile\0.3.9\package.tgz
193 verbose folder C:\Users\wuzh\AppData\Local\Temp\npm-9720-stNGaS2d\1407804362431-0.9771582682151347\package
194 silly lockFile ea78a16c-62431-0-9771582682151347-package tar://C:\Users\wuzh\AppData\Local\Temp\npm-9720-stNGaS2d\1407804362431-0.9771582682151347\package
195 verbose lock tar://C:\Users\wuzh\AppData\Local\Temp\npm-9720-stNGaS2d\1407804362431-0.9771582682151347\package C:\Users\wuzh\.npm\.cache_cnpm\ea78a16c-62431-0-9771582682151347-package.lock
196 silly lockFile a40bd0d2-che-cnpm-ifile-0-3-9-package-tgz tar://C:\Users\wuzh\.npm\.cache_cnpm\ifile\0.3.9\package.tgz
197 verbose lock tar://C:\Users\wuzh\.npm\.cache_cnpm\ifile\0.3.9\package.tgz C:\Users\wuzh\.npm\.cache_cnpm\a40bd0d2-che-cnpm-ifile-0-3-9-package-tgz.lock
198 silly lockFile ea78a16c-62431-0-9771582682151347-package tar://C:\Users\wuzh\AppData\Local\Temp\npm-9720-stNGaS2d\1407804362431-0.9771582682151347\package
199 silly lockFile ea78a16c-62431-0-9771582682151347-package tar://C:\Users\wuzh\AppData\Local\Temp\npm-9720-stNGaS2d\1407804362431-0.9771582682151347\package
200 silly lockFile a40bd0d2-che-cnpm-ifile-0-3-9-package-tgz tar://C:\Users\wuzh\.npm\.cache_cnpm\ifile\0.3.9\package.tgz
201 silly lockFile a40bd0d2-che-cnpm-ifile-0-3-9-package-tgz tar://C:\Users\wuzh\.npm\.cache_cnpm\ifile\0.3.9\package.tgz
202 silly lockFile 8c781172-m-cache-cnpm-ifile-0-3-9-package C:\Users\wuzh\.npm\.cache_cnpm\ifile\0.3.9\package
203 verbose lock C:\Users\wuzh\.npm\.cache_cnpm\ifile\0.3.9\package C:\Users\wuzh\.npm\.cache_cnpm\8c781172-m-cache-cnpm-ifile-0-3-9-package.lock
204 silly lockFile 8c781172-m-cache-cnpm-ifile-0-3-9-package C:\Users\wuzh\.npm\.cache_cnpm\ifile\0.3.9\package
205 silly lockFile 8c781172-m-cache-cnpm-ifile-0-3-9-package C:\Users\wuzh\.npm\.cache_cnpm\ifile\0.3.9\package
206 verbose tar unpack C:\Users\wuzh\.npm\.cache_cnpm\ifile\0.3.9\package.tgz
207 silly lockFile 412b3602-m-cache-cnpm-ifile-0-3-9-package tar://C:\Users\wuzh\.npm\.cache_cnpm\ifile\0.3.9\package
208 verbose lock tar://C:\Users\wuzh\.npm\.cache_cnpm\ifile\0.3.9\package C:\Users\wuzh\.npm\.cache_cnpm\412b3602-m-cache-cnpm-ifile-0-3-9-package.lock
209 silly lockFile a40bd0d2-che-cnpm-ifile-0-3-9-package-tgz tar://C:\Users\wuzh\.npm\.cache_cnpm\ifile\0.3.9\package.tgz
210 verbose lock tar://C:\Users\wuzh\.npm\.cache_cnpm\ifile\0.3.9\package.tgz C:\Users\wuzh\.npm\.cache_cnpm\a40bd0d2-che-cnpm-ifile-0-3-9-package-tgz.lock
211 silly gunzTarPerm modes [ '755', '644' ]
212 silly gunzTarPerm extractEntry package.json
213 silly gunzTarPerm modified mode [ 'package.json', 438, 420 ]
214 silly gunzTarPerm extractEntry .npmignore
215 silly gunzTarPerm modified mode [ '.npmignore', 438, 420 ]
216 silly gunzTarPerm extractEntry index.js
217 silly gunzTarPerm modified mode [ 'index.js', 438, 420 ]
218 silly gunzTarPerm extractEntry test.js
219 silly gunzTarPerm modified mode [ 'test.js', 438, 420 ]
220 silly gunzTarPerm extractEntry benchmark/benchmark_ifile.js
221 silly gunzTarPerm modified mode [ 'benchmark/benchmark_ifile.js', 438, 420 ]
222 silly gunzTarPerm extractEntry benchmark/benchmark_ifile_gzip.js
223 silly gunzTarPerm modified mode [ 'benchmark/benchmark_ifile_gzip.js', 438, 420 ]
224 silly gunzTarPerm extractEntry benchmark/benchmark_node.js
225 silly gunzTarPerm modified mode [ 'benchmark/benchmark_node.js', 438, 420 ]
226 silly gunzTarPerm extractEntry benchmark/benchmark_node_gzip.js
227 silly gunzTarPerm modified mode [ 'benchmark/benchmark_node_gzip.js', 438, 420 ]
228 silly gunzTarPerm extractEntry benchmark/static/jquery.1.7.1.js
229 silly gunzTarPerm modified mode [ 'benchmark/static/jquery.1.7.1.js', 438, 420 ]
230 silly gunzTarPerm extractEntry binding.gyp
231 silly gunzTarPerm modified mode [ 'binding.gyp', 438, 420 ]
232 silly gunzTarPerm extractEntry lib/ifile.js
233 silly gunzTarPerm modified mode [ 'lib/ifile.js', 438, 420 ]
234 silly gunzTarPerm extractEntry .travis.yml
235 silly gunzTarPerm modified mode [ '.travis.yml', 438, 420 ]
236 silly gunzTarPerm extractEntry readme.md
237 silly gunzTarPerm modified mode [ 'readme.md', 438, 420 ]
238 silly gunzTarPerm extractEntry src/gzip.cpp
239 silly gunzTarPerm modified mode [ 'src/gzip.cpp', 438, 420 ]
240 silly gunzTarPerm extractEntry src/gzip.h
241 silly gunzTarPerm modified mode [ 'src/gzip.h', 438, 420 ]
242 silly gunzTarPerm extractEntry src/ifile.cpp
243 silly gunzTarPerm modified mode [ 'src/ifile.cpp', 438, 420 ]
244 silly gunzTarPerm extractEntry src/ifile_class.cpp
245 silly gunzTarPerm modified mode [ 'src/ifile_class.cpp', 438, 420 ]
246 silly gunzTarPerm extractEntry src/ifile_class.h
247 silly gunzTarPerm modified mode [ 'src/ifile_class.h', 438, 420 ]
248 silly gunzTarPerm extractEntry src/ifile_handler.h
249 silly gunzTarPerm modified mode [ 'src/ifile_handler.h', 438, 420 ]
250 silly gunzTarPerm extractEntry src/mime.h
251 silly gunzTarPerm modified mode [ 'src/mime.h', 438, 420 ]
252 silly gunzTarPerm extractEntry src/request.h
253 silly gunzTarPerm modified mode [ 'src/request.h', 438, 420 ]
254 silly gunzTarPerm extractEntry src/zlib/LICENSE
255 silly gunzTarPerm modified mode [ 'src/zlib/LICENSE', 438, 420 ]
256 silly gunzTarPerm extractEntry src/zlib/zutil.h
257 silly gunzTarPerm modified mode [ 'src/zlib/zutil.h', 438, 420 ]
258 silly gunzTarPerm extractEntry src/zlib/adler32.c
259 silly gunzTarPerm modified mode [ 'src/zlib/adler32.c', 438, 420 ]
260 silly gunzTarPerm extractEntry src/zlib/compress.c
261 silly gunzTarPerm modified mode [ 'src/zlib/compress.c', 438, 420 ]
262 silly gunzTarPerm extractEntry src/zlib/contrib/minizip/miniunz.c
263 silly gunzTarPerm modified mode [ 'src/zlib/contrib/minizip/miniunz.c', 438, 420 ]
264 silly gunzTarPerm extractEntry src/zlib/contrib/minizip/ChangeLogUnzip
265 silly gunzTarPerm modified mode [ 'src/zlib/contrib/minizip/ChangeLogUnzip', 438, 420 ]
266 silly gunzTarPerm extractEntry src/zlib/contrib/minizip/crypt.h
267 silly gunzTarPerm modified mode [ 'src/zlib/contrib/minizip/crypt.h', 438, 420 ]
268 silly gunzTarPerm extractEntry src/zlib/contrib/minizip/ioapi.c
269 silly gunzTarPerm modified mode [ 'src/zlib/contrib/minizip/ioapi.c', 438, 420 ]
270 silly gunzTarPerm extractEntry src/zlib/contrib/minizip/ioapi.h
271 silly gunzTarPerm modified mode [ 'src/zlib/contrib/minizip/ioapi.h', 438, 420 ]
272 silly gunzTarPerm extractEntry src/zlib/contrib/minizip/iowin32.c
273 silly gunzTarPerm modified mode [ 'src/zlib/contrib/minizip/iowin32.c', 438, 420 ]
274 silly gunzTarPerm extractEntry src/zlib/contrib/minizip/iowin32.h
275 silly gunzTarPerm modified mode [ 'src/zlib/contrib/minizip/iowin32.h', 438, 420 ]
276 silly gunzTarPerm extractEntry src/zlib/contrib/minizip/Makefile
277 silly gunzTarPerm modified mode [ 'src/zlib/contrib/minizip/Makefile', 438, 420 ]
278 silly gunzTarPerm extractEntry src/zlib/contrib/minizip/minizip.c
279 silly gunzTarPerm modified mode [ 'src/zlib/contrib/minizip/minizip.c', 438, 420 ]
280 silly gunzTarPerm extractEntry src/zlib/contrib/minizip/mztools.c
281 silly gunzTarPerm modified mode [ 'src/zlib/contrib/minizip/mztools.c', 438, 420 ]
282 silly gunzTarPerm extractEntry src/zlib/contrib/minizip/mztools.h
283 silly gunzTarPerm modified mode [ 'src/zlib/contrib/minizip/mztools.h', 438, 420 ]
284 silly gunzTarPerm extractEntry src/zlib/contrib/minizip/unzip.c
285 silly gunzTarPerm modified mode [ 'src/zlib/contrib/minizip/unzip.c', 438, 420 ]
286 silly gunzTarPerm extractEntry src/zlib/contrib/minizip/unzip.h
287 silly gunzTarPerm modified mode [ 'src/zlib/contrib/minizip/unzip.h', 438, 420 ]
288 silly gunzTarPerm extractEntry src/zlib/contrib/minizip/zip.c
289 silly gunzTarPerm modified mode [ 'src/zlib/contrib/minizip/zip.c', 438, 420 ]
290 silly gunzTarPerm extractEntry src/zlib/contrib/minizip/zip.h
291 silly gunzTarPerm modified mode [ 'src/zlib/contrib/minizip/zip.h', 438, 420 ]
292 silly gunzTarPerm extractEntry src/zlib/crc32.c
293 silly gunzTarPerm modified mode [ 'src/zlib/crc32.c', 438, 420 ]
294 silly gunzTarPerm extractEntry src/zlib/crc32.h
295 silly gunzTarPerm modified mode [ 'src/zlib/crc32.h', 438, 420 ]
296 silly gunzTarPerm extractEntry src/zlib/deflate.c
297 silly gunzTarPerm modified mode [ 'src/zlib/deflate.c', 438, 420 ]
298 silly gunzTarPerm extractEntry src/zlib/deflate.h
299 silly gunzTarPerm modified mode [ 'src/zlib/deflate.h', 438, 420 ]
300 silly gunzTarPerm extractEntry src/zlib/gzio.c
301 silly gunzTarPerm modified mode [ 'src/zlib/gzio.c', 438, 420 ]
302 silly gunzTarPerm extractEntry src/zlib/infback.c
303 silly gunzTarPerm modified mode [ 'src/zlib/infback.c', 438, 420 ]
304 silly gunzTarPerm extractEntry src/zlib/inffast.c
305 silly gunzTarPerm modified mode [ 'src/zlib/inffast.c', 438, 420 ]
306 silly gunzTarPerm extractEntry src/zlib/inffast.h
307 silly gunzTarPerm modified mode [ 'src/zlib/inffast.h', 438, 420 ]
308 silly gunzTarPerm extractEntry src/zlib/README.chromium
309 silly gunzTarPerm modified mode [ 'src/zlib/README.chromium', 438, 420 ]
310 silly gunzTarPerm extractEntry src/zlib/inflate.c
311 silly gunzTarPerm modified mode [ 'src/zlib/inflate.c', 438, 420 ]
312 silly gunzTarPerm extractEntry src/zlib/inflate.h
313 silly gunzTarPerm modified mode [ 'src/zlib/inflate.h', 438, 420 ]
314 silly gunzTarPerm extractEntry src/zlib/inftrees.c
315 silly gunzTarPerm modified mode [ 'src/zlib/inftrees.c', 438, 420 ]
316 silly gunzTarPerm extractEntry src/zlib/inftrees.h
317 silly gunzTarPerm modified mode [ 'src/zlib/inftrees.h', 438, 420 ]
318 silly gunzTarPerm extractEntry src/zlib/mozzconf.h
319 silly gunzTarPerm modified mode [ 'src/zlib/mozzconf.h', 438, 420 ]
320 silly gunzTarPerm extractEntry src/zlib/trees.c
321 silly gunzTarPerm modified mode [ 'src/zlib/trees.c', 438, 420 ]
322 silly gunzTarPerm extractEntry src/zlib/trees.h
323 silly gunzTarPerm modified mode [ 'src/zlib/trees.h', 438, 420 ]
324 silly gunzTarPerm extractEntry src/zlib/uncompr.c
325 silly gunzTarPerm modified mode [ 'src/zlib/uncompr.c', 438, 420 ]
326 silly gunzTarPerm extractEntry src/zlib/zconf.h
327 silly gunzTarPerm modified mode [ 'src/zlib/zconf.h', 438, 420 ]
328 silly gunzTarPerm extractEntry src/zlib/zlib.gyp
329 silly gunzTarPerm modified mode [ 'src/zlib/zlib.gyp', 438, 420 ]
330 silly gunzTarPerm extractEntry src/zlib/zlib.h
331 silly gunzTarPerm modified mode [ 'src/zlib/zlib.h', 438, 420 ]
332 silly gunzTarPerm extractEntry src/zlib/zutil.c
333 silly gunzTarPerm modified mode [ 'src/zlib/zutil.c', 438, 420 ]
334 silly gunzTarPerm extractEntry src/zlib/inffixed.h
335 silly gunzTarPerm modified mode [ 'src/zlib/inffixed.h', 438, 420 ]
336 silly gunzTarPerm extractEntry test/main.js
337 silly gunzTarPerm modified mode [ 'test/main.js', 438, 420 ]
338 silly gunzTarPerm extractEntry test/pipe.js
339 silly gunzTarPerm modified mode [ 'test/pipe.js', 438, 420 ]
340 silly gunzTarPerm extractEntry test/Static/Mount_Huangshan.jpg
341 silly gunzTarPerm modified mode [ 'test/Static/Mount_Huangshan.jpg', 438, 420 ]
342 silly gunzTarPerm extractEntry test/Static/Mount_Huangshan2.jpg
343 silly gunzTarPerm modified mode [ 'test/Static/Mount_Huangshan2.jpg', 438, 420 ]
344 silly gunzTarPerm extractEntry test/static2/static2/aaa.js
345 silly gunzTarPerm modified mode [ 'test/static2/static2/aaa.js', 438, 420 ]
346 silly gunzTarPerm extractEntry test/static2/static2/test.js
347 silly gunzTarPerm modified mode [ 'test/static2/static2/test.js', 438, 420 ]
348 silly gunzTarPerm extractEntry test/static2/static2/test.css
349 silly gunzTarPerm modified mode [ 'test/static2/static2/test.css', 438, 420 ]
350 silly gunzTarPerm extractEntry test/static2/static3/static3/test.css
351 silly gunzTarPerm modified mode [ 'test/static2/static3/static3/test.css', 438, 420 ]
352 silly gunzTarPerm extractEntry test/static2/static3/static3/test.txt
353 silly gunzTarPerm modified mode [ 'test/static2/static3/static3/test.txt', 438, 420 ]
354 silly gunzTarPerm extractEntry test/static2/static3/static3/test.xml
355 silly gunzTarPerm modified mode [ 'test/static2/static3/static3/test.xml', 438, 420 ]
356 silly gunzTarPerm extractEntry test/static2/static3/static3/test2.css
357 silly gunzTarPerm modified mode [ 'test/static2/static3/static3/test2.css', 438, 420 ]
358 silly gunzTarPerm extractEntry test/static2/static3/static3/test2.xml
359 silly gunzTarPerm modified mode [ 'test/static2/static3/static3/test2.xml', 438, 420 ]
360 silly gunzTarPerm extractEntry test/static2/static3/static3/test3.xml
361 silly gunzTarPerm modified mode [ 'test/static2/static3/static3/test3.xml', 438, 420 ]
362 silly gunzTarPerm extractEntry vendor.yml
363 silly gunzTarPerm modified mode [ 'vendor.yml', 438, 420 ]
364 silly lockFile 412b3602-m-cache-cnpm-ifile-0-3-9-package tar://C:\Users\wuzh\.npm\.cache_cnpm\ifile\0.3.9\package
365 silly lockFile 412b3602-m-cache-cnpm-ifile-0-3-9-package tar://C:\Users\wuzh\.npm\.cache_cnpm\ifile\0.3.9\package
366 silly lockFile a40bd0d2-che-cnpm-ifile-0-3-9-package-tgz tar://C:\Users\wuzh\.npm\.cache_cnpm\ifile\0.3.9\package.tgz
367 silly lockFile a40bd0d2-che-cnpm-ifile-0-3-9-package-tgz tar://C:\Users\wuzh\.npm\.cache_cnpm\ifile\0.3.9\package.tgz
368 verbose chmod C:\Users\wuzh\.npm\.cache_cnpm\ifile\0.3.9\package.tgz 644
369 silly chown skipping for windows C:\Users\wuzh\.npm\.cache_cnpm\ifile\0.3.9\package.tgz
370 silly lockFile d0ab8645-g-ifile-download-ifile-0-3-9-tgz http://r.cnpmjs.org/ifile/download/ifile-0.3.9.tgz
371 silly lockFile d0ab8645-g-ifile-download-ifile-0-3-9-tgz http://r.cnpmjs.org/ifile/download/ifile-0.3.9.tgz
372 silly lockFile 1aa8b187-ifile-0-3-9 ifile@0.3.9
373 silly lockFile 1aa8b187-ifile-0-3-9 ifile@0.3.9
374 silly resolved [ { author:
374 silly resolved      { name: 'doublespout',
374 silly resolved        email: 'snoopyxdy@163.com',
374 silly resolved        url: 'http://snoopyxdy.blog.163.com' },
374 silly resolved     name: 'ifile',
374 silly resolved     description: 'High performance nodejs http/https static file handler,using c++ addon and libuv lib',
374 silly resolved     keywords: [ 'node', 'static', 'file', 'nodejs', 'libuv', 'c++', 'example' ],
374 silly resolved     version: '0.3.9',
374 silly resolved     url: 'https://github.com/DoubleSpout/ifile',
374 silly resolved     homepage: 'https://github.com/DoubleSpout/ifile',
374 silly resolved     repository: { type: 'git', url: 'https://github.com/DoubleSpout/ifile.git' },
374 silly resolved     main: 'index.js',
374 silly resolved     engines: { node: '>=0.10.0' },
374 silly resolved     dependencies: { mime: '1.2.6' },
374 silly resolved     scripts: { install: 'node-gyp rebuild', tset: 'node ./test/main.js' },
374 silly resolved     readme: '# ifile(fast and simple nodejs http/https static file module)[![Build Status](https://travis-ci.org/DoubleSpout/ifile.png?branch=master)](https://travis-ci.org/DoubleSpout/ifile)\r\n\r\nifile is a simple static http/https handler module, build with libuv and c++.\r\n\r\nthe module are also be used in express and flat.js framework.\r\n\r\n## Installing the module\r\n\r\nWith [npm](http://npmjs.org/):\r\n\r\nifile module is supported windows, linux, mac.\r\n\r\nMake sure, node-gyp has installed.\r\n\r\n     npm install ifile\r\n\r\nFrom source:\r\n\r\n     git clone https://github.com/DoubleSpout/ifile.git\r\n     cd ifile\r\n     node-gyp rebuild\r\n\r\nTo include the module in your project:\r\n\r\n     var ifile = require(\'ifile\');\r\n\r\n##benchmark\r\nsend the same js file, 6KB size.\r\n\r\n      nginx \r\n      ab -c 100 -n 20000 http://192.168.28.5:8124/js/test.js\r\n      Requests per second:    2634.31 [#/sec] (mean)\r\n\r\n      ab -c 500 -n 20000 http://192.168.28.5:8124/js/test.js\r\n      Requests per second:    1886.92 [#/sec] (mean)\r\n\r\n      ab -c 800 -n 20000 http://192.168.28.5:8124/js/test.js\r\n      Requests per second:    2033.45 [#/sec] (mean)\r\n\r\n      ab -c 500 -n 20000 -H "Accept-Encoding: gzip" http://192.168.28.5:8124/js/test.js\r\n      Requests per second:    2029.59 [#/sec] (mean)\r\n\r\n\r\n      ifile\r\n      ab -c 100 -n 20000 http://192.168.28.5:8125/js/test.js\r\n      Requests per second:    2077.29 [#/sec] (mean)\r\n\r\n      ab -c 500 -n 20000 http://192.168.28.5:8125/js/test.js\r\n      Requests per second:    1880.00 [#/sec] (mean)\r\n\r\n      ab -c 800 -n 20000 http://192.168.28.5:8125/js/test.js\r\n      Requests per second:    1791.16 [#/sec] (mean)\r\n\r\n      ab -c 500 -n 20000 -H "Accept-Encoding: gzip" http://192.168.28.5:8125/js/test.js\r\n      Requests per second:    1858.01 [#/sec] (mean)\r\n\r\n\r\n      express\r\n      ab -c 100 -n 20000 http://192.168.28.5:8126/js/test.js\r\n      Requests per second:    915.21 [#/sec] (mean)\r\n\r\n      ab -c 500 -n 20000 http://192.168.28.5:8126/js/test.js\r\n      Requests per second:    858.89 [#/sec] (mean)\r\n\r\n      ab -c 800 -n 20000 http://192.168.28.5:8126/js/test.js\r\n      Requests per second:    668.99 [#/sec] (mean)\r\n\r\n      ab -c 500 -n 20000 -H "Accept-Encoding: gzip" http://192.168.28.5:8126/js/test.js\r\n      Requests per second:    677.11 [#/sec] (mean)\r\n\r\n\r\n\r\n      express+ifile\r\n      ab -c 100 -n 20000 http://192.168.28.5:8127/js/test.js\r\n      Requests per second:    1684.85 [#/sec] (mean)\r\n\r\n      ab -c 500 -n 20000 http://192.168.28.5:8127/js/test.js\r\n      Requests per second:    1717.32 [#/sec] (mean)\r\n\r\n      ab -c 800 -n 20000 http://192.168.28.5:8127/js/test.js\r\n      Requests per second:    1399.09 [#/sec] (mean)\r\n\r\n      ab -c 500 -n 20000 -H "Accept-Encoding: gzip" http://192.168.28.5:8127/js/test.js\r\n      Requests per second:    1468.06 [#/sec] (mean)\r\n\r\n\r\n## example\r\n\r\n    var ifile = require(\'ifile\')\r\n\r\n    var http = require(\'http\')\r\n\r\n    ifile.add([\r\n\r\n     ["/static",__dirname,[\'js\',\'css\',\'jpg\']],\r\n\r\n    ],function(req,res,is_static){\r\n\r\n    \tres.statusCode = 404;\r\n\r\n        res.end(\'404\')\r\n\r\n    })\r\n\r\n    var http = require(\'http\');\r\n\r\n    http.createServer(function (req, res) {\r\n\r\n      ifile.route(req,res);\r\n\r\n    }).listen(8124);\r\n\r\nthen request the 127.0.0.1:8124/static/xxx.js\r\n\r\nif you have a file in __dirname/static/xxx.js then you will see it.\r\n\r\n##API\r\n\r\nifile.add(routearray,not_match_callback);\r\n\r\nifile.route(req,res); \r\nroute the request\r\n\r\nroutearray:\r\n\r\n  [\r\n    [request_url_prefix, static_folder [,support_extensions_array]],\r\n    ...\r\n  ]\r\n\r\n  example:\r\n\r\n      [\r\n      \t["/static",__dirname,[\'js\',\'css\',\'jpg\']],\r\n      \t["/static2",__dirname],\r\n      \t["/skin","static",[\'js\',\'css\',\'jpg\']]   //static folder will be __dirname+\'/\'+static\r\n      ]\r\n\r\nnot_match_function:\r\nif ifile not match the request,the not_match_function will be called.It has three parameters,req, res and is_static.\r\nfor example if add ["/static2",__dirname]\r\n1,request "/user/aaa" will call the not_match_function,and is_static param will be 0;\r\n2,request "/static/not_exist_file" will call the not_match_function,and is_static param will be 1;\r\n\r\n##options\r\nset ifile.options property to change the default options,for example:\r\n      \r\n      var ifile = require(\'ifile\');\r\n      ifile.options = {\r\n        expired:86400*100*30,\r\n        gzip:false\r\n      }\r\n\r\ndefault options is that:\r\n\r\n      default_options = {\r\n        pipe_szie : 1024*1024*20, //超过20MB的静态文件使用pipe传输不读入内存\r\n        expired : 86400*1000,     //cache-control : max-age=86400\r\n        gzip : true,              //是否开启gzip\r\n        gzip_min_size : 1024,       //开启gzip的文件必须大于等于1024byte\r\n        gzip_file : [\'js\',\'css\',\'less\',\'html\',\'xhtml\',\'htm\',\'xml\',\'json\',\'txt\'], //gzip压缩的文件后缀名\r\n        gzip_level : 9, //-1表示使用默认值\r\n      }\r\n\r\nmore example see /test/main.js\r\n\r\n##expressjs example\r\n\r\n      var express = require(\'express\');\r\n      var app = express();\r\n      var ifile = require("ifile");\r\n      app.use(ifile.connect()); \r\n      //default is [[\'/static\',__dirname]];\r\n\r\n      app.listen(3000);\r\n\r\n',
374 silly resolved     readmeFilename: 'readme.md',
374 silly resolved     gypfile: true,
374 silly resolved     bugs: { url: 'https://github.com/DoubleSpout/ifile/issues' },
374 silly resolved     _id: 'ifile@0.3.9',
374 silly resolved     dist: { shasum: '946ee51f95742b2a133c634a5383afe7c7a2eb91' },
374 silly resolved     _from: 'ifile@0.3.9',
374 silly resolved     _resolved: 'http://r.cnpmjs.org/ifile/download/ifile-0.3.9.tgz' } ]
375 info install ifile@0.3.9 into F:\github\wapp\wxmenu
376 info installOne ifile@0.3.9
377 info F:\github\wapp\wxmenu\node_modules\ifile unbuild
378 verbose tar unpack C:\Users\wuzh\.npm\.cache_cnpm\ifile\0.3.9\package.tgz
379 silly lockFile 8b7126f8-b-wapp-wxmenu-node-modules-ifile tar://F:\github\wapp\wxmenu\node_modules\ifile
380 verbose lock tar://F:\github\wapp\wxmenu\node_modules\ifile C:\Users\wuzh\.npm\.cache_cnpm\8b7126f8-b-wapp-wxmenu-node-modules-ifile.lock
381 silly lockFile a40bd0d2-che-cnpm-ifile-0-3-9-package-tgz tar://C:\Users\wuzh\.npm\.cache_cnpm\ifile\0.3.9\package.tgz
382 verbose lock tar://C:\Users\wuzh\.npm\.cache_cnpm\ifile\0.3.9\package.tgz C:\Users\wuzh\.npm\.cache_cnpm\a40bd0d2-che-cnpm-ifile-0-3-9-package-tgz.lock
383 silly gunzTarPerm modes [ '755', '644' ]
384 silly gunzTarPerm extractEntry package.json
385 silly gunzTarPerm modified mode [ 'package.json', 438, 420 ]
386 silly gunzTarPerm extractEntry .npmignore
387 silly gunzTarPerm modified mode [ '.npmignore', 438, 420 ]
388 silly gunzTarPerm extractEntry index.js
389 silly gunzTarPerm modified mode [ 'index.js', 438, 420 ]
390 silly gunzTarPerm extractEntry test.js
391 silly gunzTarPerm modified mode [ 'test.js', 438, 420 ]
392 silly gunzTarPerm extractEntry benchmark/benchmark_ifile.js
393 silly gunzTarPerm modified mode [ 'benchmark/benchmark_ifile.js', 438, 420 ]
394 silly gunzTarPerm extractEntry benchmark/benchmark_ifile_gzip.js
395 silly gunzTarPerm modified mode [ 'benchmark/benchmark_ifile_gzip.js', 438, 420 ]
396 silly gunzTarPerm extractEntry benchmark/benchmark_node.js
397 silly gunzTarPerm modified mode [ 'benchmark/benchmark_node.js', 438, 420 ]
398 silly gunzTarPerm extractEntry benchmark/benchmark_node_gzip.js
399 silly gunzTarPerm modified mode [ 'benchmark/benchmark_node_gzip.js', 438, 420 ]
400 silly gunzTarPerm extractEntry benchmark/static/jquery.1.7.1.js
401 silly gunzTarPerm modified mode [ 'benchmark/static/jquery.1.7.1.js', 438, 420 ]
402 silly gunzTarPerm extractEntry binding.gyp
403 silly gunzTarPerm modified mode [ 'binding.gyp', 438, 420 ]
404 silly gunzTarPerm extractEntry lib/ifile.js
405 silly gunzTarPerm modified mode [ 'lib/ifile.js', 438, 420 ]
406 silly gunzTarPerm extractEntry .travis.yml
407 silly gunzTarPerm modified mode [ '.travis.yml', 438, 420 ]
408 silly gunzTarPerm extractEntry readme.md
409 silly gunzTarPerm modified mode [ 'readme.md', 438, 420 ]
410 silly gunzTarPerm extractEntry src/gzip.cpp
411 silly gunzTarPerm modified mode [ 'src/gzip.cpp', 438, 420 ]
412 silly gunzTarPerm extractEntry src/gzip.h
413 silly gunzTarPerm modified mode [ 'src/gzip.h', 438, 420 ]
414 silly gunzTarPerm extractEntry src/ifile.cpp
415 silly gunzTarPerm modified mode [ 'src/ifile.cpp', 438, 420 ]
416 silly gunzTarPerm extractEntry src/ifile_class.cpp
417 silly gunzTarPerm modified mode [ 'src/ifile_class.cpp', 438, 420 ]
418 silly gunzTarPerm extractEntry src/ifile_class.h
419 silly gunzTarPerm modified mode [ 'src/ifile_class.h', 438, 420 ]
420 silly gunzTarPerm extractEntry src/ifile_handler.h
421 silly gunzTarPerm modified mode [ 'src/ifile_handler.h', 438, 420 ]
422 silly gunzTarPerm extractEntry src/mime.h
423 silly gunzTarPerm modified mode [ 'src/mime.h', 438, 420 ]
424 silly gunzTarPerm extractEntry src/request.h
425 silly gunzTarPerm modified mode [ 'src/request.h', 438, 420 ]
426 silly gunzTarPerm extractEntry src/zlib/LICENSE
427 silly gunzTarPerm modified mode [ 'src/zlib/LICENSE', 438, 420 ]
428 silly gunzTarPerm extractEntry src/zlib/zutil.h
429 silly gunzTarPerm modified mode [ 'src/zlib/zutil.h', 438, 420 ]
430 silly gunzTarPerm extractEntry src/zlib/adler32.c
431 silly gunzTarPerm modified mode [ 'src/zlib/adler32.c', 438, 420 ]
432 silly gunzTarPerm extractEntry src/zlib/compress.c
433 silly gunzTarPerm modified mode [ 'src/zlib/compress.c', 438, 420 ]
434 silly gunzTarPerm extractEntry src/zlib/contrib/minizip/miniunz.c
435 silly gunzTarPerm modified mode [ 'src/zlib/contrib/minizip/miniunz.c', 438, 420 ]
436 silly gunzTarPerm extractEntry src/zlib/contrib/minizip/ChangeLogUnzip
437 silly gunzTarPerm modified mode [ 'src/zlib/contrib/minizip/ChangeLogUnzip', 438, 420 ]
438 silly gunzTarPerm extractEntry src/zlib/contrib/minizip/crypt.h
439 silly gunzTarPerm modified mode [ 'src/zlib/contrib/minizip/crypt.h', 438, 420 ]
440 silly gunzTarPerm extractEntry src/zlib/contrib/minizip/ioapi.c
441 silly gunzTarPerm modified mode [ 'src/zlib/contrib/minizip/ioapi.c', 438, 420 ]
442 silly gunzTarPerm extractEntry src/zlib/contrib/minizip/ioapi.h
443 silly gunzTarPerm modified mode [ 'src/zlib/contrib/minizip/ioapi.h', 438, 420 ]
444 silly gunzTarPerm extractEntry src/zlib/contrib/minizip/iowin32.c
445 silly gunzTarPerm modified mode [ 'src/zlib/contrib/minizip/iowin32.c', 438, 420 ]
446 silly gunzTarPerm extractEntry src/zlib/contrib/minizip/iowin32.h
447 silly gunzTarPerm modified mode [ 'src/zlib/contrib/minizip/iowin32.h', 438, 420 ]
448 silly gunzTarPerm extractEntry src/zlib/contrib/minizip/Makefile
449 silly gunzTarPerm modified mode [ 'src/zlib/contrib/minizip/Makefile', 438, 420 ]
450 silly gunzTarPerm extractEntry src/zlib/contrib/minizip/minizip.c
451 silly gunzTarPerm modified mode [ 'src/zlib/contrib/minizip/minizip.c', 438, 420 ]
452 silly gunzTarPerm extractEntry src/zlib/contrib/minizip/mztools.c
453 silly gunzTarPerm modified mode [ 'src/zlib/contrib/minizip/mztools.c', 438, 420 ]
454 silly gunzTarPerm extractEntry src/zlib/contrib/minizip/mztools.h
455 silly gunzTarPerm modified mode [ 'src/zlib/contrib/minizip/mztools.h', 438, 420 ]
456 silly gunzTarPerm extractEntry src/zlib/contrib/minizip/unzip.c
457 silly gunzTarPerm modified mode [ 'src/zlib/contrib/minizip/unzip.c', 438, 420 ]
458 silly gunzTarPerm extractEntry src/zlib/contrib/minizip/unzip.h
459 silly gunzTarPerm modified mode [ 'src/zlib/contrib/minizip/unzip.h', 438, 420 ]
460 silly gunzTarPerm extractEntry src/zlib/contrib/minizip/zip.c
461 silly gunzTarPerm modified mode [ 'src/zlib/contrib/minizip/zip.c', 438, 420 ]
462 silly gunzTarPerm extractEntry src/zlib/contrib/minizip/zip.h
463 silly gunzTarPerm modified mode [ 'src/zlib/contrib/minizip/zip.h', 438, 420 ]
464 silly gunzTarPerm extractEntry src/zlib/crc32.c
465 silly gunzTarPerm modified mode [ 'src/zlib/crc32.c', 438, 420 ]
466 silly gunzTarPerm extractEntry src/zlib/crc32.h
467 silly gunzTarPerm modified mode [ 'src/zlib/crc32.h', 438, 420 ]
468 silly gunzTarPerm extractEntry src/zlib/deflate.c
469 silly gunzTarPerm modified mode [ 'src/zlib/deflate.c', 438, 420 ]
470 silly gunzTarPerm extractEntry src/zlib/deflate.h
471 silly gunzTarPerm modified mode [ 'src/zlib/deflate.h', 438, 420 ]
472 silly gunzTarPerm extractEntry src/zlib/gzio.c
473 silly gunzTarPerm modified mode [ 'src/zlib/gzio.c', 438, 420 ]
474 silly gunzTarPerm extractEntry src/zlib/infback.c
475 silly gunzTarPerm modified mode [ 'src/zlib/infback.c', 438, 420 ]
476 silly gunzTarPerm extractEntry src/zlib/inffast.c
477 silly gunzTarPerm modified mode [ 'src/zlib/inffast.c', 438, 420 ]
478 silly gunzTarPerm extractEntry src/zlib/inffast.h
479 silly gunzTarPerm modified mode [ 'src/zlib/inffast.h', 438, 420 ]
480 silly gunzTarPerm extractEntry src/zlib/README.chromium
481 silly gunzTarPerm modified mode [ 'src/zlib/README.chromium', 438, 420 ]
482 silly gunzTarPerm extractEntry src/zlib/inflate.c
483 silly gunzTarPerm modified mode [ 'src/zlib/inflate.c', 438, 420 ]
484 silly gunzTarPerm extractEntry src/zlib/inflate.h
485 silly gunzTarPerm modified mode [ 'src/zlib/inflate.h', 438, 420 ]
486 silly gunzTarPerm extractEntry src/zlib/inftrees.c
487 silly gunzTarPerm modified mode [ 'src/zlib/inftrees.c', 438, 420 ]
488 silly gunzTarPerm extractEntry src/zlib/inftrees.h
489 silly gunzTarPerm modified mode [ 'src/zlib/inftrees.h', 438, 420 ]
490 silly gunzTarPerm extractEntry src/zlib/mozzconf.h
491 silly gunzTarPerm modified mode [ 'src/zlib/mozzconf.h', 438, 420 ]
492 silly gunzTarPerm extractEntry src/zlib/trees.c
493 silly gunzTarPerm modified mode [ 'src/zlib/trees.c', 438, 420 ]
494 silly gunzTarPerm extractEntry src/zlib/trees.h
495 silly gunzTarPerm modified mode [ 'src/zlib/trees.h', 438, 420 ]
496 silly gunzTarPerm extractEntry src/zlib/uncompr.c
497 silly gunzTarPerm modified mode [ 'src/zlib/uncompr.c', 438, 420 ]
498 silly gunzTarPerm extractEntry src/zlib/zconf.h
499 silly gunzTarPerm modified mode [ 'src/zlib/zconf.h', 438, 420 ]
500 silly gunzTarPerm extractEntry src/zlib/zlib.gyp
501 silly gunzTarPerm modified mode [ 'src/zlib/zlib.gyp', 438, 420 ]
502 silly gunzTarPerm extractEntry src/zlib/zlib.h
503 silly gunzTarPerm modified mode [ 'src/zlib/zlib.h', 438, 420 ]
504 silly gunzTarPerm extractEntry src/zlib/zutil.c
505 silly gunzTarPerm modified mode [ 'src/zlib/zutil.c', 438, 420 ]
506 silly gunzTarPerm extractEntry src/zlib/inffixed.h
507 silly gunzTarPerm modified mode [ 'src/zlib/inffixed.h', 438, 420 ]
508 silly gunzTarPerm extractEntry test/main.js
509 silly gunzTarPerm modified mode [ 'test/main.js', 438, 420 ]
510 silly gunzTarPerm extractEntry test/pipe.js
511 silly gunzTarPerm modified mode [ 'test/pipe.js', 438, 420 ]
512 silly gunzTarPerm extractEntry test/Static/Mount_Huangshan.jpg
513 silly gunzTarPerm modified mode [ 'test/Static/Mount_Huangshan.jpg', 438, 420 ]
514 silly gunzTarPerm extractEntry test/Static/Mount_Huangshan2.jpg
515 silly gunzTarPerm modified mode [ 'test/Static/Mount_Huangshan2.jpg', 438, 420 ]
516 silly gunzTarPerm extractEntry test/static2/static2/aaa.js
517 silly gunzTarPerm modified mode [ 'test/static2/static2/aaa.js', 438, 420 ]
518 silly gunzTarPerm extractEntry test/static2/static2/test.js
519 silly gunzTarPerm modified mode [ 'test/static2/static2/test.js', 438, 420 ]
520 silly gunzTarPerm extractEntry test/static2/static2/test.css
521 silly gunzTarPerm modified mode [ 'test/static2/static2/test.css', 438, 420 ]
522 silly gunzTarPerm extractEntry test/static2/static3/static3/test.css
523 silly gunzTarPerm modified mode [ 'test/static2/static3/static3/test.css', 438, 420 ]
524 silly gunzTarPerm extractEntry test/static2/static3/static3/test.txt
525 silly gunzTarPerm modified mode [ 'test/static2/static3/static3/test.txt', 438, 420 ]
526 silly gunzTarPerm extractEntry test/static2/static3/static3/test.xml
527 silly gunzTarPerm modified mode [ 'test/static2/static3/static3/test.xml', 438, 420 ]
528 silly gunzTarPerm extractEntry test/static2/static3/static3/test2.css
529 silly gunzTarPerm modified mode [ 'test/static2/static3/static3/test2.css', 438, 420 ]
530 silly gunzTarPerm extractEntry test/static2/static3/static3/test2.xml
531 silly gunzTarPerm modified mode [ 'test/static2/static3/static3/test2.xml', 438, 420 ]
532 silly gunzTarPerm extractEntry test/static2/static3/static3/test3.xml
533 silly gunzTarPerm modified mode [ 'test/static2/static3/static3/test3.xml', 438, 420 ]
534 silly gunzTarPerm extractEntry vendor.yml
535 silly gunzTarPerm modified mode [ 'vendor.yml', 438, 420 ]
536 silly lockFile 8b7126f8-b-wapp-wxmenu-node-modules-ifile tar://F:\github\wapp\wxmenu\node_modules\ifile
537 silly lockFile 8b7126f8-b-wapp-wxmenu-node-modules-ifile tar://F:\github\wapp\wxmenu\node_modules\ifile
538 silly lockFile a40bd0d2-che-cnpm-ifile-0-3-9-package-tgz tar://C:\Users\wuzh\.npm\.cache_cnpm\ifile\0.3.9\package.tgz
539 silly lockFile a40bd0d2-che-cnpm-ifile-0-3-9-package-tgz tar://C:\Users\wuzh\.npm\.cache_cnpm\ifile\0.3.9\package.tgz
540 info preinstall ifile@0.3.9
541 verbose readDependencies using package.json deps
542 verbose readDependencies using package.json deps
543 verbose cache add [ 'mime@1.2.6', null ]
544 verbose cache add name=undefined spec="mime@1.2.6" args=["mime@1.2.6",null]
545 verbose parsed url { protocol: null,
545 verbose parsed url   slashes: null,
545 verbose parsed url   auth: null,
545 verbose parsed url   host: null,
545 verbose parsed url   port: null,
545 verbose parsed url   hostname: null,
545 verbose parsed url   hash: null,
545 verbose parsed url   search: null,
545 verbose parsed url   query: null,
545 verbose parsed url   pathname: 'mime@1.2.6',
545 verbose parsed url   path: 'mime@1.2.6',
545 verbose parsed url   href: 'mime@1.2.6' }
546 verbose cache add name="mime" spec="1.2.6" args=["mime","1.2.6"]
547 verbose parsed url { protocol: null,
547 verbose parsed url   slashes: null,
547 verbose parsed url   auth: null,
547 verbose parsed url   host: null,
547 verbose parsed url   port: null,
547 verbose parsed url   hostname: null,
547 verbose parsed url   hash: null,
547 verbose parsed url   search: null,
547 verbose parsed url   query: null,
547 verbose parsed url   pathname: '1.2.6',
547 verbose parsed url   path: '1.2.6',
547 verbose parsed url   href: '1.2.6' }
548 verbose addNamed [ 'mime', '1.2.6' ]
549 verbose addNamed [ '1.2.6', '1.2.6' ]
550 silly lockFile 898e3106-mime-1-2-6 mime@1.2.6
551 verbose lock mime@1.2.6 C:\Users\wuzh\.npm\.cache_cnpm\898e3106-mime-1-2-6.lock
552 verbose url raw mime/1.2.6
553 verbose url resolving [ 'http://r.cnpmjs.org/', './mime/1.2.6' ]
554 verbose url resolved http://r.cnpmjs.org/mime/1.2.6
555 info trying registry request attempt 1 at 08:47:10
556 verbose etag "-153122329"
557 http GET http://r.cnpmjs.org/mime/1.2.6
558 http 304 http://r.cnpmjs.org/mime/1.2.6
559 silly registry.get cb [ 304,
559 silly registry.get   { server: 'nginx/1.4.1 (Ubuntu)',
559 silly registry.get     date: 'Tue, 12 Aug 2014 00:47:29 GMT',
559 silly registry.get     connection: 'keep-alive',
559 silly registry.get     'x-powered-by': 'koa',
559 silly registry.get     etag: '"-153122329"',
559 silly registry.get     'x-readtime': '8' } ]
560 verbose etag mime/1.2.6 from cache
561 silly lockFile 898e3106-mime-1-2-6 mime@1.2.6
562 silly lockFile 898e3106-mime-1-2-6 mime@1.2.6
563 silly resolved [ { author:
563 silly resolved      { name: 'Robert Kieffer',
563 silly resolved        email: 'robert@broofa.com',
563 silly resolved        url: 'http://github.com/broofa' },
563 silly resolved     contributors: [ [Object] ],
563 silly resolved     dependencies: {},
563 silly resolved     description: 'A comprehensive library for mime-type mapping',
563 silly resolved     devDependencies: {},
563 silly resolved     keywords: [ 'util', 'mime' ],
563 silly resolved     main: 'mime.js',
563 silly resolved     name: 'mime',
563 silly resolved     repository: { url: 'https://github.com/broofa/node-mime', type: 'git' },
563 silly resolved     version: '1.2.6',
563 silly resolved     readme: '# mime\n\nComprehensive MIME type mapping API. Includes all 600+ types and 800+ extensions defined by the Apache project, plus additional types submitted by the node.js community.\n\n## Install\n\nInstall with [npm](http://github.com/isaacs/npm):\n\n    npm install mime\n\n## API - Queries\n\n### mime.lookup(path)\nGet the mime type associated with a file. Performs a case-insensitive lookup using the extension in `path` (the substring after the last \'/\' or \'.\').  E.g.\n\n    var mime = require(\'mime\');\n\n    mime.lookup(\'/path/to/file.txt\');         // => \'text/plain\'\n    mime.lookup(\'file.txt\');                  // => \'text/plain\'\n    mime.lookup(\'.TXT\');                      // => \'text/plain\'\n    mime.lookup(\'htm\');                       // => \'text/html\'\n\n### mime.extension(type)\nGet the default extension for `type`\n\n    mime.extension(\'text/html\');                 // => \'html\'\n    mime.extension(\'application/octet-stream\');  // => \'bin\'\n\n### mime.charsets.lookup()\n\nMap mime-type to charset\n\n    mime.charsets.lookup(\'text/plain\');        // => \'UTF-8\'\n\n(The logic for charset lookups is pretty rudimentary.  Feel free to suggest improvements.)\n\n## API - Defining Custom Types\n\nThe following APIs allow you to add your own type mappings within your project.  If you feel a type should be included as part of node-mime, see [requesting new types](https://github.com/bentomas/node-mime/wiki/Requesting-New-Types).\n\n### mime.define()\n\nAdd custom mime/extension mappings\n\n    mime.define({\n        \'text/x-some-format\': [\'x-sf\', \'x-sft\', \'x-sfml\'],\n        \'application/x-my-type\': [\'x-mt\', \'x-mtt\'],\n        // etc ...\n    });\n\n    mime.lookup(\'x-sft\');                 // => \'text/x-some-format\'\n\nThe first entry in the extensions array is returned by `mime.extension()`. E.g.\n\n    mime.extension(\'text/x-some-format\'); // => \'x-sf\'\n\n### mime.load(filepath)\n\nLoad mappings from an Apache ".types" format file\n\n    mime.load(\'./my_project.types\');\n\nThe .types file format is simple -  See the `types` dir for examples.\n',
563 silly resolved     readmeFilename: 'README.md',
563 silly resolved     bugs: { url: 'https://github.com/broofa/node-mime/issues' },
563 silly resolved     homepage: 'https://github.com/broofa/node-mime',
563 silly resolved     _id: 'mime@1.2.6',
563 silly resolved     _from: 'mime@1.2.6' } ]
564 info install mime@1.2.6 into F:\github\wapp\wxmenu\node_modules\ifile
565 info installOne mime@1.2.6
566 info F:\github\wapp\wxmenu\node_modules\ifile\node_modules\mime unbuild
567 verbose tar unpack C:\Users\wuzh\.npm\.cache_cnpm\mime\1.2.6\package.tgz
568 silly lockFile 3e10ceb2--modules-ifile-node-modules-mime tar://F:\github\wapp\wxmenu\node_modules\ifile\node_modules\mime
569 verbose lock tar://F:\github\wapp\wxmenu\node_modules\ifile\node_modules\mime C:\Users\wuzh\.npm\.cache_cnpm\3e10ceb2--modules-ifile-node-modules-mime.lock
570 silly lockFile 58771817-ache-cnpm-mime-1-2-6-package-tgz tar://C:\Users\wuzh\.npm\.cache_cnpm\mime\1.2.6\package.tgz
571 verbose lock tar://C:\Users\wuzh\.npm\.cache_cnpm\mime\1.2.6\package.tgz C:\Users\wuzh\.npm\.cache_cnpm\58771817-ache-cnpm-mime-1-2-6-package-tgz.lock
572 silly gunzTarPerm modes [ '755', '644' ]
573 silly gunzTarPerm extractEntry package.json
574 silly gunzTarPerm modified mode [ 'package.json', 438, 420 ]
575 silly gunzTarPerm extractEntry README.md
576 silly gunzTarPerm modified mode [ 'README.md', 438, 420 ]
577 silly gunzTarPerm extractEntry LICENSE
578 silly gunzTarPerm modified mode [ 'LICENSE', 438, 420 ]
579 silly gunzTarPerm extractEntry mime.js
580 silly gunzTarPerm modified mode [ 'mime.js', 438, 420 ]
581 silly gunzTarPerm extractEntry test.js
582 silly gunzTarPerm modified mode [ 'test.js', 438, 420 ]
583 silly gunzTarPerm extractEntry types/mime.types
584 silly gunzTarPerm modified mode [ 'types/mime.types', 438, 420 ]
585 silly gunzTarPerm extractEntry types/node.types
586 silly gunzTarPerm modified mode [ 'types/node.types', 438, 420 ]
587 silly lockFile 3e10ceb2--modules-ifile-node-modules-mime tar://F:\github\wapp\wxmenu\node_modules\ifile\node_modules\mime
588 silly lockFile 3e10ceb2--modules-ifile-node-modules-mime tar://F:\github\wapp\wxmenu\node_modules\ifile\node_modules\mime
589 silly lockFile 58771817-ache-cnpm-mime-1-2-6-package-tgz tar://C:\Users\wuzh\.npm\.cache_cnpm\mime\1.2.6\package.tgz
590 silly lockFile 58771817-ache-cnpm-mime-1-2-6-package-tgz tar://C:\Users\wuzh\.npm\.cache_cnpm\mime\1.2.6\package.tgz
591 info preinstall mime@1.2.6
592 verbose readDependencies using package.json deps
593 verbose readDependencies using package.json deps
594 silly resolved []
595 verbose about to build F:\github\wapp\wxmenu\node_modules\ifile\node_modules\mime
596 info build F:\github\wapp\wxmenu\node_modules\ifile\node_modules\mime
597 verbose linkStuff [ false,
597 verbose linkStuff   false,
597 verbose linkStuff   false,
597 verbose linkStuff   'F:\\github\\wapp\\wxmenu\\node_modules\\ifile\\node_modules' ]
598 info linkStuff mime@1.2.6
599 verbose linkBins mime@1.2.6
600 verbose linkMans mime@1.2.6
601 verbose rebuildBundles mime@1.2.6
602 info install mime@1.2.6
603 info postinstall mime@1.2.6
604 verbose about to build F:\github\wapp\wxmenu\node_modules\ifile
605 info build F:\github\wapp\wxmenu\node_modules\ifile
606 verbose linkStuff [ false, false, false, 'F:\\github\\wapp\\wxmenu\\node_modules' ]
607 info linkStuff ifile@0.3.9
608 verbose linkBins ifile@0.3.9
609 verbose linkMans ifile@0.3.9
610 verbose rebuildBundles ifile@0.3.9
611 verbose rebuildBundles [ 'mime' ]
612 info install ifile@0.3.9
613 verbose unsafe-perm in lifecycle true
614 error Error: spawn ENOENT
614 error     at errnoException (child_process.js:988:11)
614 error     at Process.ChildProcess._handle.onexit (child_process.js:779:34)
615 error If you need help, you may report this *entire* log,
615 error including the npm and node versions, at:
615 error     <http://github.com/npm/npm/issues>
616 error System Windows_NT 6.1.7601
617 error command "node" "C:\\Users\\wuzh\\AppData\\Roaming\\npm\\node_modules\\cnpm\\node_modules\\npm\\bin\\npm-cli.js" "--userconfig=C:\\Users\\wuzh\\.cnpmrc" "--disturl=http://dist.cnpmjs.org" "--cache=C:\\Users\\wuzh\\.npm\\.cache_cnpm" "--registry=http://r.cnpmjs.org" "install" "ifile"
618 error cwd F:\github\wapp\wxmenu
619 error node -v v0.10.26
620 error npm -v 1.4.6
621 error syscall spawn
622 error code ENOENT
623 error errno ENOENT
624 verbose exit [ 1, true ]
